--------------------------------------------------------------------------
Petsc Release Version 3.7.5, Jan, 01, 2017 
       The PETSc Team
    petsc-maint@mcs.anl.gov
 http://www.mcs.anl.gov/petsc/
See docs/changes/index.html for recent updates.
See docs/faq.html for problems.
See docs/manualpages/index.html for help. 
Libraries linked from /home/vitor/programs/petsc/lib
--------------------------------------------------------------------------
PROCESSOR ID:
2
0
Parameters: 
  Reynolds: 2236.07
  Grashof : 5e+06
  Sc      : 1
File name: output
  path: /home/vitor/Documents/dev/workflow-sedimentation/src-local/sedimentation/output
Number of scripts: 2
  Extraction script: extraction.py
  Visualization script: visualization.py
Opening file: necker3d.msh
*** Warning, This code is deprecated, and likely to be removed in future library versions! ./include/libmesh/mesh_tools.h, line 70, compiled Apr  6 2017 at 10:45:52 ***
 Mesh Information:
  elem_dimensions()={3}
  spatial_dimension()=3
  n_nodes()=1104
    n_local_nodes()=572
  n_elem()=4230
    n_local_elem()=2091
    n_active_elem()=4230
  n_subdomains()=2
  n_partitions()=2
  n_processors()=2
  n_threads()=1
  processor_id()=0

 EquationSystems
  n_systems()=4
   System #2, "deposition"
    Type "Explicit"
    Variables="d" 
    Finite Element Types="LAGRANGE" 
    Approximation Orders="FIRST" 
    n_dofs()=1104
    n_local_dofs()=572
    n_constrained_dofs()=0
    n_local_constrained_dofs()=0
    n_vectors()=2
    n_matrices()=0
    DofMap Sparsity
      Average  On-Processor Bandwidth <= 0
      Average Off-Processor Bandwidth <= 0
      Maximum  On-Processor Bandwidth <= 0
      Maximum Off-Processor Bandwidth <= 0
    DofMap Constraints
      Number of DoF Constraints = 0
   System #3, "deposition rate"
    Type "Explicit"
    Variables="r" 
    Finite Element Types="LAGRANGE" 
    Approximation Orders="FIRST" 
    n_dofs()=1104
    n_local_dofs()=572
    n_constrained_dofs()=0
    n_local_constrained_dofs()=0
    n_vectors()=1
    n_matrices()=0
    DofMap Sparsity
      Average  On-Processor Bandwidth <= 0
      Average Off-Processor Bandwidth <= 0
      Maximum  On-Processor Bandwidth <= 0
      Maximum Off-Processor Bandwidth <= 0
    DofMap Constraints
      Number of DoF Constraints = 0
   System #0, "flow"
    Type "TransientLinearImplicit"
    Variables={ "u" "v" "w" "p" } 
    Finite Element Types="LAGRANGE" 
    Approximation Orders="FIRST" 
    n_dofs()=4416
    n_local_dofs()=2288
    n_constrained_dofs()=366
    n_local_constrained_dofs()=224
    n_vectors()=3
    n_matrices()=1
    DofMap Sparsity
      Average  On-Processor Bandwidth <= 48.1667
      Average Off-Processor Bandwidth <= 0.884058
      Maximum  On-Processor Bandwidth <= 100
      Maximum Off-Processor Bandwidth <= 48
    DofMap Constraints
      Number of DoF Constraints = 366
      Average DoF Constraint Length= 0
   System #1, "transport"
    Type "TransientLinearImplicit"
    Variables="s" 
    Finite Element Types="LAGRANGE" 
    Approximation Orders="FIRST" 
    n_dofs()=1104
    n_local_dofs()=572
    n_constrained_dofs()=0
    n_local_constrained_dofs()=0
    n_vectors()=3
    n_matrices()=1
    DofMap Sparsity
      Average  On-Processor Bandwidth <= 12.0417
      Average Off-Processor Bandwidth <= 0.221014
      Maximum  On-Processor Bandwidth <= 25
      Maximum Off-Processor Bandwidth <= 12
    DofMap Constraints
      Number of DoF Constraints = 0


 Fixed time-step adopted!
*** Warning, This code is deprecated, and likely to be removed in future library versions! /home/vitor/programs/libmesh/include/libmesh/elem.h, line 1657, compiled Apr 13 2017 at 14:38:48 ***
[WRITE] /home/vitor/Documents/dev/workflow-sedimentation/src-local/sedimentation/output/step0/output_2_000_00000.h5 - /home/vitor/Documents/dev/workflow-sedimentation/src-local/sedimentation/output/output_2_00000.xmf
[CATALYST - CoProcessing] Extraction - Time step: 0 ; Time: 0.0
[CATALYST - CoProcessing] Visualization  - Time step: 0 ; Time: 0.0
[CATALYST] Visualization  - Time step: 0 ; Time: 0.0
Catalyst Cost: 3.63097
1;0;/home/vitor/Documents/dev/workflow-sedimentation/src-local/sedimentation/output/output_2_00000.xmf;/home/vitor/Documents/dev/workflow-sedimentation/src-local/sedimentation/ext_line_0_0.csv
Catalyst Cost: 0.00000
1;0;/home/vitor/Documents/dev/workflow-sedimentation/src-local/sedimentation/output/output_2_00000.xmf;/home/vitor/Documents/dev/workflow-sedimentation/src-local/sedimentation/ext_line_1_0.csv
Catalyst Cost: 0.00000
1;0;/home/vitor/Documents/dev/workflow-sedimentation/src-local/sedimentation/output/output_2_00000.xmf;/home/vitor/Documents/dev/workflow-sedimentation/src-local/sedimentation/ext_line_2_0.csv
Catalyst Cost: 0.00000
1;0;/home/vitor/Documents/dev/workflow-sedimentation/src-local/sedimentation/output/output_2_00000.xmf;/home/vitor/Documents/dev/workflow-sedimentation/src-local/sedimentation/ext_line_3_0.csv
======================================================
 Time step  0  simulation time = 0.00500...
======================================================
 Solving Navier-Stokes equation...
------------------------------------------------------
STEP NLI  |b-AX|         |du|           |du|/|u|       
------------------------------------------------------
0    15   9.79642e-07    1.75463        1              
1    19   1.03718e-12    5.29176e-05    3.01591e-05    
------------------------------------------------------
 Nonlinear solver converged at step 2
 Solving sedimentation equation...
------------------------------------------------------
STEP NLI  |b-AX|         |du|           |du|/|u|       
------------------------------------------------------
*** Warning, This code is deprecated, and likely to be removed in future library versions! /home/vitor/programs/libmesh/include/libmesh/elem.h, line 1799, compiled Apr 13 2017 at 14:38:55 ***
*** Warning, This code is deprecated, and likely to be removed in future library versions! src/mesh/boundary_info.C, line 1219, compiled Apr  6 2017 at 10:44:55 ***
1    2    3.72351e-06    0.0011022      9.78053e-05    
2    5    2.22476e-11    3.86717e-06    3.43159e-07    
------------------------------------------------------
 Nonlinear solver converged at step 2

****************** Mesh Refinement ********************  
 Considering Transport Variable
Number of elements before AMR step: 4230
Number of elements after AMR step: 5553
Nelem variation = 31.2766 %.
 Solving Navier-Stokes equation...
------------------------------------------------------
STEP NLI  |b-AX|         |du|           |du|/|u|       
------------------------------------------------------
0    42   1.39604e-11    0.664713       0.317032       
1    85   2.42427e-22    6.44849e-06    3.07558e-06    
------------------------------------------------------
 Nonlinear solver converged at step 2
 Solving sedimentation equation...
------------------------------------------------------
STEP NLI  |b-AX|         |du|           |du|/|u|       
------------------------------------------------------
1    3    1.13984e-05    0.00205944     0.000114151    
2    6    2.28487e-09    1.53798e-05    8.52474e-07    
------------------------------------------------------
 Nonlinear solver converged at step 2
*** Warning, This code is deprecated, and likely to be removed in future library versions! /home/vitor/programs/libmesh/include/libmesh/elem.h, line 1894, compiled Apr 13 2017 at 14:39:00 ***
*** Warning, This code is deprecated, and likely to be removed in future library versions! /home/vitor/programs/libmesh/include/libmesh/elem.h, line 1730, compiled Apr 13 2017 at 14:39:00 ***
______________________________________________________
------------------------------------------------------
   S I M U L A T I O N   I N F O                      
------------------------------------------------------
 Vars      Min             Max             L2-Norm    
------------------------------------------------------
u         -2.04906e-03   4.21983e-03    9.07655e-03    
v         -3.28006e-03   3.80069e-03    1.23788e-02    
w         -7.12822e-03   9.40601e-04    8.46573e-02    
p         -2.96248e-01   2.58378e-01    2.09491e+00    
s         -2.60350e-04   1.00004e+00    1.80413e+01    
______________________________________________________
======================================================
 Time step  1  simulation time = 0.01000...
======================================================
 Solving Navier-Stokes equation...
------------------------------------------------------
STEP NLI  |b-AX|         |du|           |du|/|u|       
------------------------------------------------------
0    22   1.06474e-06    0.620221       0.366742       
1    29   1.2978e-12     6.14984e-05    3.63647e-05    
------------------------------------------------------
 Nonlinear solver converged at step 2
 Solving sedimentation equation...
------------------------------------------------------
STEP NLI  |b-AX|         |du|           |du|/|u|       
------------------------------------------------------
1    4    3.92879e-06    0.00280454     0.000155453    
2    7    1.24854e-10    5.2765e-06     2.92472e-07    
------------------------------------------------------
 Nonlinear solver converged at step 2
Warning:  This MeshOutput subclass only supports meshes which have been serialized!
Warning:  This MeshOutput subclass only supports meshes which have been serialized!
Warning!  Parallel xda/xdr is not yet implemented.
Writing a serialized file instead.
[WRITE] /home/vitor/Documents/dev/workflow-sedimentation/src-local/sedimentation/output/step1/output_2_000_00001.h5 - /home/vitor/Documents/dev/workflow-sedimentation/src-local/sedimentation/output/output_2_00001.xmf
[CATALYST - CoProcessing] Extraction - Time step: 2 ; Time: 0.01
[CATALYST - CoProcessing] Visualization  - Time step: 2 ; Time: 0.01
Catalyst Cost: 3.87162
1;2;/home/vitor/Documents/dev/workflow-sedimentation/src-local/sedimentation/output/output_2_00001.xmf;/home/vitor/Documents/dev/workflow-sedimentation/src-local/sedimentation/ext_line_0_2.csv
Catalyst Cost: 0.00000
1;2;/home/vitor/Documents/dev/workflow-sedimentation/src-local/sedimentation/output/output_2_00001.xmf;/home/vitor/Documents/dev/workflow-sedimentation/src-local/sedimentation/ext_line_1_2.csv
Catalyst Cost: 0.00000
1;2;/home/vitor/Documents/dev/workflow-sedimentation/src-local/sedimentation/output/output_2_00001.xmf;/home/vitor/Documents/dev/workflow-sedimentation/src-local/sedimentation/ext_line_2_2.csv
Catalyst Cost: 0.00000
1;2;/home/vitor/Documents/dev/workflow-sedimentation/src-local/sedimentation/output/output_2_00001.xmf;/home/vitor/Documents/dev/workflow-sedimentation/src-local/sedimentation/ext_line_3_2.csv
______________________________________________________
------------------------------------------------------
   S I M U L A T I O N   I N F O                      
------------------------------------------------------
 Vars      Min             Max             L2-Norm    
------------------------------------------------------
u         -2.95134e-03   6.31190e-03    1.40794e-02    
v         -3.79713e-03   4.73252e-03    1.67161e-02    
w         -1.35226e-02   6.51102e-04    1.71458e-01    
p         -2.85290e-01   2.23241e-01    1.68230e+00    
s         -5.34913e-04   1.00008e+00    1.80410e+01    
______________________________________________________
======================================================
 Time step  2  simulation time = 0.01500...
======================================================
 Solving Navier-Stokes equation...
------------------------------------------------------
STEP NLI  |b-AX|         |du|           |du|/|u|       
------------------------------------------------------
0    22   1.21012e-06    0.153458       0.0938735      
1    28   1.89667e-12    4.21083e-05    2.57585e-05    
------------------------------------------------------
 Nonlinear solver converged at step 2
 Solving sedimentation equation...
------------------------------------------------------
STEP NLI  |b-AX|         |du|           |du|/|u|       
------------------------------------------------------
1    4    4.08294e-06    0.00287975     0.000159625    
2    7    1.09945e-10    5.43993e-06    3.01536e-07    
------------------------------------------------------
 Nonlinear solver converged at step 2
______________________________________________________
------------------------------------------------------
   S I M U L A T I O N   I N F O                      
------------------------------------------------------
 Vars      Min             Max             L2-Norm    
------------------------------------------------------
u         -3.96320e-03   7.38519e-03    1.83362e-02    
v         -4.47450e-03   5.90360e-03    2.09736e-02    
w         -2.04340e-02   1.08358e-03    2.59293e-01    
p         -2.76909e-01   2.16742e-01    1.61380e+00    
s         -8.27003e-04   1.00012e+00    1.80407e+01    
______________________________________________________
======================================================
 Time step  3  simulation time = 0.02000...
======================================================
 Solving Navier-Stokes equation...
------------------------------------------------------
STEP NLI  |b-AX|         |du|           |du|/|u|       
------------------------------------------------------
0    22   1.2092e-06     0.119417       0.0740599      
1    28   2.03585e-12    4.1904e-05     2.5988e-05     
------------------------------------------------------
 Nonlinear solver converged at step 2
 Solving sedimentation equation...
------------------------------------------------------
STEP NLI  |b-AX|         |du|           |du|/|u|       
------------------------------------------------------
1    4    4.23838e-06    0.00296492     0.000164349    
2    6    3.39346e-10    5.60213e-06    3.10532e-07    
------------------------------------------------------
 Nonlinear solver converged at step 2
Warning!  Parallel xda/xdr is not yet implemented.
Writing a serialized file instead.
[WRITE] /home/vitor/Documents/dev/workflow-sedimentation/src-local/sedimentation/output/step2/output_2_000_00002.h5 - /home/vitor/Documents/dev/workflow-sedimentation/src-local/sedimentation/output/output_2_00002.xmf
[CATALYST - CoProcessing] Extraction - Time step: 4 ; Time: 0.02
[CATALYST - CoProcessing] Visualization  - Time step: 4 ; Time: 0.02
Catalyst Cost: 3.40618
1;4;/home/vitor/Documents/dev/workflow-sedimentation/src-local/sedimentation/output/output_2_00002.xmf;/home/vitor/Documents/dev/workflow-sedimentation/src-local/sedimentation/ext_line_0_4.csv
Catalyst Cost: 0.00000
1;4;/home/vitor/Documents/dev/workflow-sedimentation/src-local/sedimentation/output/output_2_00002.xmf;/home/vitor/Documents/dev/workflow-sedimentation/src-local/sedimentation/ext_line_1_4.csv
Catalyst Cost: 0.00000
1;4;/home/vitor/Documents/dev/workflow-sedimentation/src-local/sedimentation/output/output_2_00002.xmf;/home/vitor/Documents/dev/workflow-sedimentation/src-local/sedimentation/ext_line_2_4.csv
Catalyst Cost: 0.00000
1;4;/home/vitor/Documents/dev/workflow-sedimentation/src-local/sedimentation/output/output_2_00002.xmf;/home/vitor/Documents/dev/workflow-sedimentation/src-local/sedimentation/ext_line_3_4.csv
______________________________________________________
------------------------------------------------------
   S I M U L A T I O N   I N F O                      
------------------------------------------------------
 Vars      Min             Max             L2-Norm    
------------------------------------------------------
u         -4.92766e-03   7.96484e-03    2.26149e-02    
v         -4.91300e-03   8.24159e-03    2.55221e-02    
w         -2.74455e-02   1.53662e-03    3.47768e-01    
p         -2.70775e-01   2.18604e-01    1.57412e+00    
s         -1.13607e-03   1.00017e+00    1.80404e+01    
______________________________________________________
======================================================
 Time step  4  simulation time = 0.02500...
======================================================
 Solving Navier-Stokes equation...
------------------------------------------------------
STEP NLI  |b-AX|         |du|           |du|/|u|       
------------------------------------------------------
0    22   1.2016e-06     0.107623       0.0669689      
1    28   2.14854e-12    4.22862e-05    2.63129e-05    
------------------------------------------------------
 Nonlinear solver converged at step 2
 Solving sedimentation equation...
------------------------------------------------------
STEP NLI  |b-AX|         |du|           |du|/|u|       
------------------------------------------------------
1    4    4.39377e-06    0.00305948     0.000169593    
2    6    3.06816e-10    5.76208e-06    3.19404e-07    
------------------------------------------------------
 Nonlinear solver converged at step 2
______________________________________________________
------------------------------------------------------
   S I M U L A T I O N   I N F O                      
------------------------------------------------------
 Vars      Min             Max             L2-Norm    
------------------------------------------------------
u         -5.80559e-03   8.29104e-03    2.71272e-02    
v         -5.20551e-03   1.06874e-02    3.03903e-02    
w         -3.45223e-02   2.00017e-03    4.36750e-01    
p         -2.65625e-01   2.19508e-01    1.54603e+00    
s         -1.46198e-03   1.00021e+00    1.80401e+01    
______________________________________________________
======================================================
 Time step  5  simulation time = 0.03000...
======================================================
 Solving Navier-Stokes equation...
------------------------------------------------------
STEP NLI  |b-AX|         |du|           |du|/|u|       
------------------------------------------------------
0    22   1.194e-06      0.102213       0.0633541      
1    28   2.2239e-12     4.28538e-05    2.65619e-05    
------------------------------------------------------
 Nonlinear solver converged at step 2
 Solving sedimentation equation...
------------------------------------------------------
STEP NLI  |b-AX|         |du|           |du|/|u|       
------------------------------------------------------
1    4    4.54961e-06    0.00316299     0.000175334    
2    6    2.84831e-10    5.92088e-06    3.28212e-07    
------------------------------------------------------
 Nonlinear solver converged at step 2
Warning!  Parallel xda/xdr is not yet implemented.
Writing a serialized file instead.
[WRITE] /home/vitor/Documents/dev/workflow-sedimentation/src-local/sedimentation/output/step3/output_2_000_00003.h5 - /home/vitor/Documents/dev/workflow-sedimentation/src-local/sedimentation/output/output_2_00003.xmf
[CATALYST - CoProcessing] Extraction - Time step: 6 ; Time: 0.03
[CATALYST - CoProcessing] Visualization  - Time step: 6 ; Time: 0.03
Catalyst Cost: 2.72583
1;6;/home/vitor/Documents/dev/workflow-sedimentation/src-local/sedimentation/output/output_2_00003.xmf;/home/vitor/Documents/dev/workflow-sedimentation/src-local/sedimentation/ext_line_0_6.csv
Catalyst Cost: 0.00000
1;6;/home/vitor/Documents/dev/workflow-sedimentation/src-local/sedimentation/output/output_2_00003.xmf;/home/vitor/Documents/dev/workflow-sedimentation/src-local/sedimentation/ext_line_1_6.csv
Catalyst Cost: 0.00000
1;6;/home/vitor/Documents/dev/workflow-sedimentation/src-local/sedimentation/output/output_2_00003.xmf;/home/vitor/Documents/dev/workflow-sedimentation/src-local/sedimentation/ext_line_2_6.csv
Catalyst Cost: 0.00000
1;6;/home/vitor/Documents/dev/workflow-sedimentation/src-local/sedimentation/output/output_2_00003.xmf;/home/vitor/Documents/dev/workflow-sedimentation/src-local/sedimentation/ext_line_3_6.csv
______________________________________________________
------------------------------------------------------
   S I M U L A T I O N   I N F O                      
------------------------------------------------------
 Vars      Min             Max             L2-Norm    
------------------------------------------------------
u         -6.62501e-03   8.48111e-03    3.18941e-02    
v         -5.64752e-03   1.31955e-02    3.55347e-02    
w         -4.16435e-02   2.61326e-03    5.26165e-01    
p         -2.60990e-01   2.19997e-01    1.52440e+00    
s         -1.80476e-03   1.00025e+00    1.80398e+01    
______________________________________________________
[WRITE] /home/vitor/Documents/dev/workflow-sedimentation/src-local/sedimentation/output/step4/output_2_000_00004.h5 - /home/vitor/Documents/dev/workflow-sedimentation/src-local/sedimentation/output/output_2_00004.xmf
[CATALYST - CoProcessing] Extraction - Time step: 7 ; Time: 0.03
[CATALYST - CoProcessing] Visualization  - Time step: 7 ; Time: 0.03
Catalyst Cost: 3.92789
1;7;/home/vitor/Documents/dev/workflow-sedimentation/src-local/sedimentation/output/output_2_00004.xmf;/home/vitor/Documents/dev/workflow-sedimentation/src-local/sedimentation/ext_line_0_7.csv
Catalyst Cost: 0.00000
1;7;/home/vitor/Documents/dev/workflow-sedimentation/src-local/sedimentation/output/output_2_00004.xmf;/home/vitor/Documents/dev/workflow-sedimentation/src-local/sedimentation/ext_line_1_7.csv
Catalyst Cost: 0.00000
1;7;/home/vitor/Documents/dev/workflow-sedimentation/src-local/sedimentation/output/output_2_00004.xmf;/home/vitor/Documents/dev/workflow-sedimentation/src-local/sedimentation/ext_line_2_7.csv
Catalyst Cost: 0.00000
1;7;/home/vitor/Documents/dev/workflow-sedimentation/src-local/sedimentation/output/output_2_00004.xmf;/home/vitor/Documents/dev/workflow-sedimentation/src-local/sedimentation/ext_line_3_7.csv
[Provenance] Finish Data Ingestor
     
End of Simulation: Final Simulation time reached!
                   ----------------------------
 Final number of active elements = 5553

PERFORMANCE PARAMETERS
 Total number of non-linear iterations: 28
 Total number of non-linear iterations for Flow : 14
 Total number of non-linear iterations for Transport : 14
 Total number of linear iterations: 480
 Total number of linear iterations for flow: 412
 Total number of linear iterations for transport: 68
 Total number of rejected non-linear iterations: 0
 Total number of rejected non-linear iterations for flow: 0
 Total number of rejected non-linear iterations for transport: 0
 Total number of rejected linear iterations: 0
 Total number of rejected linear iterations for flow: 0
 Total number of rejected linear iterations for transport: 0
 Rate Rejected/Total non-linear iterations: 0%
 Rate Rejected/Total non-linear iterations for Flow: 0%
 Rate Rejected/Total non-linear iterations for Transport: 0%
 Rate Rejected/Total linear iterations: 0%
 Rate Rejected/Total linear iterations for Flow: 0%
 Rate Rejected/Total linear iterations for Transport: 0%
All done!

 ----------------------------------------------------------------------
| Processor id:   0                                                    |
| Num Processors: 2                                                    |
| Time:           Thu Apr 13 14:46:36 2017                             |
| OS:             Linux                                                |
| HostName:       vss                                                  |
| OS Release:     4.8.0-45-generic                                     |
| OS Version:     #48~16.04.1-Ubuntu SMP Fri Mar 24 12:46:56 UTC 2017  |
| Machine:        x86_64                                               |
| Username:       vitor                                                |
| Configuration:  ./configure  '--enable-parmesh'                      |
|  '--prefix=/home/vitor/programs/libmesh'                             |
|  '--with-hdf5=/home/vitor/programs/hdf5'                             |
|  'PETSC_DIR=/home/vitor/programs/petsc'                              |
|  '--disable-netcdf'                                                  |
 ----------------------------------------------------------------------
 ------------------------------------------------------------------------------------------------------------
| Sedimentation Solver Performance: Alive time=39.6281, Active time=37.7569                                  |
 ------------------------------------------------------------------------------------------------------------
| Event                         nCalls     Total Time  Avg Time    Total Time  Avg Time    % of Active Time  |
|                                          w/o Sub     w/o Sub     With Sub    With Sub    w/o S    With S   |
|------------------------------------------------------------------------------------------------------------|
|                                                                                                            |
|                                                                                                            |
| AMR                                                                                                        |
|   estimate_error              1          0.1826      0.182568    0.1826      0.182568    0.48     0.48     |
|   flag_elements               1          0.0004      0.000388    0.0004      0.000388    0.00     0.00     |
|   refine_and_coarse           1          0.3617      0.361676    0.3617      0.361676    0.96     0.96     |
|   reinit systems              1          5.0938      5.093786    5.0938      5.093786    13.49    13.49    |
|                                                                                                            |
| Catalyst                                                                                                   |
|   CoProcess                   5          16.6307     3.326146    16.6307     3.326146    44.05    44.05    |
|   Init                        1          0.9317      0.931732    0.9317      0.931732    2.47     2.47     |
|                                                                                                            |
| Flow                                                                                                       |
|   Assembly                    14         5.6393      0.402810    5.6393      0.402810    14.94    14.94    |
|   Solver                      14         6.6600      0.475715    12.2994     0.878526    17.64    32.58    |
|                                                                                                            |
| Provenance                                                                                                 |
|   CreateEquationSystems       1          0.0005      0.000547    0.0005      0.000547    0.00     0.00     |
|   DataExtraction              32         0.0210      0.000655    0.0210      0.000655    0.06     0.06     |
|   GetMaximumIterations        1          0.0002      0.000222    0.0002      0.000222    0.00     0.00     |
|   Init                        1          0.0001      0.000094    0.0001      0.000094    0.00     0.00     |
|   InitDataExtraction          8          0.0044      0.000548    0.0044      0.000548    0.01     0.01     |
|   InitVisualization           8          0.0009      0.000115    0.0009      0.000115    0.00     0.00     |
|   InputMesh                   2          0.0010      0.000497    0.0010      0.000497    0.00     0.00     |
|   MeshAggregator              1          0.0017      0.001694    0.0017      0.001694    0.00     0.00     |
|   MeshRefinement              1          0.0121      0.012147    0.0121      0.012147    0.03     0.03     |
|   MeshWriter                  8          0.0057      0.000708    0.0057      0.000708    0.01     0.01     |
|   SolverSimulationFluid       21         0.0398      0.001895    0.0398      0.001895    0.11     0.11     |
|   SolverSimulationSediments   21         0.0648      0.003088    0.0648      0.003088    0.17     0.17     |
|   Visualization               32         0.0119      0.000371    0.0119      0.000371    0.03     0.03     |
|                                                                                                            |
| Transport                                                                                                  |
|   Assembly                    14         1.0663      0.076163    1.0663      0.076163    2.82     2.82     |
|   Solver                      14         0.8142      0.058155    1.8805      0.134318    2.16     4.98     |
|                                                                                                            |
| XDMF                                                                                                       |
|   Write                       5          0.2121      0.042412    0.2121      0.042412    0.56     0.56     |
 ------------------------------------------------------------------------------------------------------------
| Totals:                       208        37.7569                                         100.00            |
 ------------------------------------------------------------------------------------------------------------

WARNING! There are options you set that were not used!
WARNING! could be spelling mistake, etc!
Option left: name:-d value: /home/vitor/Documents/dev/workflow-sedimentation/src-local/sedimentation/output
Option left: name:-e value: extraction.py
Option left: name:-i value: sedimentation.in
Option left: name:-m value: necker3d.msh
Option left: name:-o value: output
