######################################################
#################### Log Analysis ####################
######################################################
Solver elapsed time (seconds): 21.9
Provenance elapsed time (seconds): 0.15
Raw data extraction elapsed time (seconds): 0.98
Visualization elapsed time (seconds): 0.98
Raw data indexing elapsed time (seconds): 0.0
ParaView overhead elapsed time (seconds): 15.6
RDI overhead  elapsed time (seconds): 0.0
Total elapsed time (seconds): 39.61
------------------------------------------------------
----------------- Percentual Analysis ----------------
------------------------------------------------------
Solver elapsed time (%): 55.28
Provenance elapsed time (%): 0.37
Raw data extraction elapsed time (%): 2.47
Visualization elapsed time (%): 2.48
Raw data indexing elapsed time (%): 0.0
Paraview OVERHEAD elapsed time (%): 39.39
Raw data indexing OVERHEAD elapsed time (%): 0.0
Total elapsed time (%): 100.0
######################################################
